{
  "RSpec": {
    "coverage": {
      "Z:/Projects/github/version_info/lib/version_info.rb": [
        1,
        1,
        null,
        1,
        null,
        null,
        1,
        34,
        null,
        null,
        null,
        1,
        29,
        null,
        null,
        1,
        32,
        null,
        null,
        1,
        23,
        null,
        null,
        1,
        0,
        0,
        0,
        0,
        0,
        0,
        null,
        null,
        null,
        1,
        34,
        null,
        null,
        1,
        34,
        0,
        0,
        null,
        34,
        34,
        34,
        34,
        12,
        null,
        34,
        2,
        null,
        null,
        34,
        null,
        null,
        null,
        null,
        null
      ],
      "Z:/Projects/github/version_info/lib/version_info/storage.rb": [
        1,
        1,
        1,
        null,
        1,
        32,
        32,
        32,
        null,
        null,
        1,
        81,
        null,
        null,
        1,
        32,
        null,
        null,
        1,
        12,
        6,
        null,
        null,
        1,
        10,
        5,
        null,
        null,
        null,
        null,
        1,
        1,
        1,
        null
      ],
      "Z:/Projects/github/version_info/lib/version_info/text_storage.rb": [
        null,
        1,
        null,
        null,
        null,
        null,
        null,
        null,
        null,
        1,
        null,
        1,
        26,
        null,
        null,
        1,
        4,
        4,
        5,
        4,
        4,
        4,
        null,
        null,
        1,
        3,
        16,
        3,
        null,
        null,
        null
      ],
      "Z:/Projects/github/version_info/lib/version_info/yaml_storage.rb": [
        1,
        null,
        1,
        null,
        null,
        null,
        null,
        null,
        null,
        null,
        null,
        1,
        1,
        11,
        null,
        null,
        1,
        2,
        null,
        9,
        2,
        2,
        null,
        null,
        1,
        9,
        2,
        2,
        null,
        null,
        null
      ],
      "Z:/Projects/github/version_info/lib/version_info/module_storage.rb": [
        null,
        1,
        null,
        null,
        null,
        null,
        null,
        null,
        null,
        null,
        null,
        null,
        1,
        null,
        1,
        10,
        null,
        null,
        1,
        0,
        null,
        null,
        1,
        1,
        1,
        2,
        1,
        null,
        null,
        null,
        null,
        null,
        null
      ],
      "Z:/Projects/github/version_info/lib/version_info/data.rb": [
        1,
        null,
        1,
        1,
        1,
        1,
        34,
        34,
        34,
        null,
        null,
        1,
        49,
        null,
        null,
        1,
        4,
        null,
        null,
        1,
        32,
        32,
        null,
        null,
        1,
        6,
        6,
        null,
        null,
        1,
        6,
        6,
        null,
        null,
        1,
        34,
        34,
        null,
        null,
        1,
        36,
        null,
        null,
        1,
        11,
        11,
        11,
        8,
        null,
        11,
        null,
        null,
        1,
        0,
        null,
        null,
        1,
        35,
        null,
        null,
        1,
        15,
        null,
        null,
        1,
        17,
        54,
        54,
        12,
        12,
        12,
        null,
        17,
        null,
        null,
        1,
        1,
        null,
        null,
        1,
        9,
        9,
        9,
        38,
        38,
        38,
        null,
        9,
        null,
        null,
        1,
        38,
        43,
        38,
        null,
        null,
        1,
        126,
        null,
        null,
        1,
        172,
        43,
        null,
        null,
        1,
        136,
        null,
        null,
        null,
        null
      ],
      "Z:/Projects/github/version_info/spec/version_info/text_format_spec.rb": [
        1,
        null,
        1,
        1,
        9,
        9,
        9,
        9,
        9,
        null,
        null,
        1,
        1,
        null,
        null,
        1,
        1,
        null,
        null,
        1,
        1,
        1,
        1,
        1,
        1,
        null,
        null,
        1,
        1,
        1,
        1,
        1,
        1,
        1,
        null,
        null,
        null,
        null,
        1,
        null,
        null,
        null,
        1,
        1,
        1,
        1,
        1,
        null,
        null,
        1,
        1,
        1,
        1,
        1,
        null,
        null,
        1,
        1,
        1,
        1,
        1,
        null,
        null,
        1,
        null,
        null,
        1,
        1,
        1,
        1,
        1,
        null,
        null,
        1,
        1,
        1,
        1,
        1,
        null,
        null
      ],
      "Z:/Projects/github/version_info/spec/version_info/version_info_spec.rb": [
        1,
        null,
        null,
        null,
        1,
        null,
        1,
        8,
        8,
        null,
        8,
        null,
        1,
        8,
        null,
        null,
        1,
        1,
        1,
        1,
        null,
        null,
        1,
        1,
        1,
        null,
        null,
        1,
        2,
        null,
        null,
        1,
        2,
        null,
        null,
        1,
        1,
        1,
        null,
        null,
        1,
        1,
        1,
        1,
        1,
        null,
        null,
        1,
        1,
        1,
        1,
        null,
        null,
        1,
        1,
        1,
        1,
        1,
        null,
        null,
        null,
        null,
        1,
        1,
        3,
        3,
        3,
        null,
        null,
        1,
        3,
        null,
        null,
        1,
        1,
        null,
        null,
        1,
        2,
        null,
        null,
        1,
        1,
        1,
        1,
        null,
        null,
        null,
        null
      ],
      "Z:/Projects/github/version_info/spec/version_info/yaml_format_spec.rb": [
        1,
        null,
        1,
        1,
        6,
        6,
        6,
        6,
        6,
        null,
        null,
        1,
        1,
        null,
        null,
        1,
        1,
        null,
        null,
        1,
        1,
        1,
        1,
        1,
        null,
        1,
        null,
        null,
        1,
        1,
        1,
        1,
        1,
        1,
        1,
        null,
        null,
        1,
        1,
        1,
        1,
        1,
        null,
        null,
        1,
        1,
        1,
        1,
        1,
        null,
        null,
        null,
        null
      ]
    },
    "timestamp": 1386027168
  }
}
